# JRE version: OpenJDK Runtime Environment (8.0_202-b03) (build 1.8.0_202-release-1483-b03)
# Java VM: OpenJDK 64-Bit Server VM (25.202-b03 mixed mode windows-amd64 compressed oops)
Heap:
 PSYoungGen      total 462336K, used 197262K [0x00000000e0000000, 0x00000000ffc80000, 0x0000000100000000)
  eden space 406016K, 43% used [0x00000000e0000000,0x00000000ead56fa8,0x00000000f8c80000)
  from space 56320K, 35% used [0x00000000fc580000,0x00000000fd8ccb40,0x00000000ffc80000)
  to   space 57344K, 0% used [0x00000000f8c80000,0x00000000f8c80000,0x00000000fc480000)
 ParOldGen       total 232448K, used 72236K [0x00000000a0000000, 0x00000000ae300000, 0x00000000e0000000)
  object space 232448K, 31% used [0x00000000a0000000,0x00000000a468b088,0x00000000ae300000)
 Metaspace       used 102768K, capacity 106820K, committed 106880K, reserved 1142784K
  class space    used 13071K, capacity 13947K, committed 13952K, reserved 1048576K
GC Heap History (10 events):
Event: 286.193 GC heap before
{Heap before GC invocations=40 (full 4):
 PSYoungGen      total 399360K, used 380701K [0x00000000e0000000, 0x00000000ffa80000, 0x0000000100000000)
  eden space 342528K, 100% used [0x00000000e0000000,0x00000000f4e80000,0x00000000f4e80000)
  from space 56832K, 67% used [0x00000000f4e80000,0x00000000f73c74e8,0x00000000f8600000)
  to   space 58368K, 0% used [0x00000000fc180000,0x00000000fc180000,0x00000000ffa80000)
 ParOldGen       total 232448K, used 63945K [0x00000000a0000000, 0x00000000ae300000, 0x00000000e0000000)
  object space 232448K, 27% used [0x00000000a0000000,0x00000000a3e724a8,0x00000000ae300000)
 Metaspace       used 102060K, capacity 106012K, committed 106112K, reserved 1140736K
  class space    used 13003K, capacity 13861K, committed 13952K, reserved 1048576K
Event: 286.285 GC heap after
Heap after GC invocations=40 (full 4):
 PSYoungGen      total 460288K, used 34973K [0x00000000e0000000, 0x00000000ffa00000, 0x0000000100000000)
  eden space 402432K, 0% used [0x00000000e0000000,0x00000000e0000000,0x00000000f8900000)
  from space 57856K, 60% used [0x00000000fc180000,0x00000000fe3a7408,0x00000000ffa00000)
  to   space 57856K, 0% used [0x00000000f8900000,0x00000000f8900000,0x00000000fc180000)
 ParOldGen       total 232448K, used 63953K [0x00000000a0000000, 0x00000000ae300000, 0x00000000e0000000)
  object space 232448K, 27% used [0x00000000a0000000,0x00000000a3e744a8,0x00000000ae300000)
 Metaspace       used 102060K, capacity 106012K, committed 106112K, reserved 1140736K
  class space    used 13003K, capacity 13861K, committed 13952K, reserved 1048576K
}
Event: 288.727 GC heap before
{Heap before GC invocations=41 (full 4):
 PSYoungGen      total 460288K, used 437405K [0x00000000e0000000, 0x00000000ffa00000, 0x0000000100000000)
  eden space 402432K, 100% used [0x00000000e0000000,0x00000000f8900000,0x00000000f8900000)
  from space 57856K, 60% used [0x00000000fc180000,0x00000000fe3a7408,0x00000000ffa00000)
  to   space 57856K, 0% used [0x00000000f8900000,0x00000000f8900000,0x00000000fc180000)
 ParOldGen       total 232448K, used 63953K [0x00000000a0000000, 0x00000000ae300000, 0x00000000e0000000)
  object space 232448K, 27% used [0x00000000a0000000,0x00000000a3e744a8,0x00000000ae300000)
 Metaspace       used 102137K, capacity 106168K, committed 106368K, reserved 1142784K
  class space    used 13006K, capacity 13865K, committed 13952K, reserved 1048576K
Event: 288.840 GC heap after
Heap after GC invocations=41 (full 4):
 PSYoungGen      total 460288K, used 38203K [0x00000000e0000000, 0x0000000100000000, 0x0000000100000000)
  eden space 402432K, 0% used [0x00000000e0000000,0x00000000e0000000,0x00000000f8900000)
  from space 57856K, 66% used [0x00000000f8900000,0x00000000fae4ef78,0x00000000fc180000)
  to   space 58368K, 0% used [0x00000000fc700000,0x00000000fc700000,0x0000000100000000)
 ParOldGen       total 232448K, used 63961K [0x00000000a0000000, 0x00000000ae300000, 0x00000000e0000000)
  object space 232448K, 27% used [0x00000000a0000000,0x00000000a3e764a8,0x00000000ae300000)
 Metaspace       used 102137K, capacity 106168K, committed 106368K, reserved 1142784K
  class space    used 13006K, capacity 13865K, committed 13952K, reserved 1048576K
}
Event: 291.227 GC heap before
{Heap before GC invocations=42 (full 4):
 PSYoungGen      total 460288K, used 440635K [0x00000000e0000000, 0x0000000100000000, 0x0000000100000000)
  eden space 402432K, 100% used [0x00000000e0000000,0x00000000f8900000,0x00000000f8900000)
  from space 57856K, 66% used [0x00000000f8900000,0x00000000fae4ef78,0x00000000fc180000)
  to   space 58368K, 0% used [0x00000000fc700000,0x00000000fc700000,0x0000000100000000)
 ParOldGen       total 232448K, used 63961K [0x00000000a0000000, 0x00000000ae300000, 0x00000000e0000000)
  object space 232448K, 27% used [0x00000000a0000000,0x00000000a3e764a8,0x00000000ae300000)
 Metaspace       used 102532K, capacity 106572K, committed 106624K, reserved 1142784K
  class space    used 13049K, capacity 13925K, committed 13952K, reserved 1048576K
Event: 291.393 GC heap after
Heap after GC invocations=42 (full 4):
 PSYoungGen      total 462848K, used 41041K [0x00000000e0000000, 0x0000000100000000, 0x0000000100000000)
  eden space 404480K, 0% used [0x00000000e0000000,0x00000000e0000000,0x00000000f8b00000)
  from space 58368K, 70% used [0x00000000fc700000,0x00000000fef144a0,0x0000000100000000)
  to   space 59904K, 0% used [0x00000000f8b00000,0x00000000f8b00000,0x00000000fc580000)
 ParOldGen       total 232448K, used 63961K [0x00000000a0000000, 0x00000000ae300000, 0x00000000e0000000)
  object space 232448K, 27% used [0x00000000a0000000,0x00000000a3e764a8,0x00000000ae300000)
 Metaspace       used 102532K, capacity 106572K, committed 106624K, reserved 1142784K
  class space    used 13049K, capacity 13925K, committed 13952K, reserved 1048576K
}
Event: 293.322 GC heap before
{Heap before GC invocations=43 (full 4):
 PSYoungGen      total 462848K, used 445521K [0x00000000e0000000, 0x0000000100000000, 0x0000000100000000)
  eden space 404480K, 100% used [0x00000000e0000000,0x00000000f8b00000,0x00000000f8b00000)
  from space 58368K, 70% used [0x00000000fc700000,0x00000000fef144a0,0x0000000100000000)
  to   space 59904K, 0% used [0x00000000f8b00000,0x00000000f8b00000,0x00000000fc580000)
 ParOldGen       total 232448K, used 63961K [0x00000000a0000000, 0x00000000ae300000, 0x00000000e0000000)
  object space 232448K, 27% used [0x00000000a0000000,0x00000000a3e764a8,0x00000000ae300000)
 Metaspace       used 102550K, capacity 106576K, committed 106624K, reserved 1142784K
  class space    used 13049K, capacity 13925K, committed 13952K, reserved 1048576K
Event: 293.354 GC heap after
Heap after GC invocations=43 (full 4):
 PSYoungGen      total 464384K, used 34871K [0x00000000e0000000, 0x00000000ffe80000, 0x0000000100000000)
  eden space 404480K, 0% used [0x00000000e0000000,0x00000000e0000000,0x00000000f8b00000)
  from space 59904K, 58% used [0x00000000f8b00000,0x00000000fad0dd28,0x00000000fc580000)
  to   space 58368K, 0% used [0x00000000fc580000,0x00000000fc580000,0x00000000ffe80000)
 ParOldGen       total 232448K, used 63969K [0x00000000a0000000, 0x00000000ae300000, 0x00000000e0000000)
  object space 232448K, 27% used [0x00000000a0000000,0x00000000a3e784a8,0x00000000ae300000)
 Metaspace       used 102550K, capacity 106576K, committed 106624K, reserved 1142784K
  class space    used 13049K, capacity 13925K, committed 13952K, reserved 1048576K
}
Event: 296.958 GC heap before
{Heap before GC invocations=44 (full 4):
 PSYoungGen      total 464384K, used 439351K [0x00000000e0000000, 0x00000000ffe80000, 0x0000000100000000)
  eden space 404480K, 100% used [0x00000000e0000000,0x00000000f8b00000,0x00000000f8b00000)
  from space 59904K, 58% used [0x00000000f8b00000,0x00000000fad0dd28,0x00000000fc580000)
  to   space 58368K, 0% used [0x00000000fc580000,0x00000000fc580000,0x00000000ffe80000)
 ParOldGen       total 232448K, used 63969K [0x00000000a0000000, 0x00000000ae300000, 0x00000000e0000000)
  object space 232448K, 27% used [0x00000000a0000000,0x00000000a3e784a8,0x00000000ae300000)
 Metaspace       used 102661K, capacity 106784K, committed 106880K, reserved 1142784K
  class space    used 13064K, capacity 13941K, committed 13952K, reserved 1048576K
Event: 296.988 GC heap after
Heap after GC invocations=44 (full 4):
 PSYoungGen      total 462336K, used 19762K [0x00000000e0000000, 0x00000000ffc80000, 0x0000000100000000)
  eden space 406016K, 0% used [0x00000000e0000000,0x00000000e0000000,0x00000000f8c80000)
  from space 56320K, 35% used [0x00000000fc580000,0x00000000fd8ccb40,0x00000000ffc80000)
  to   space 57344K, 0% used [0x00000000f8c80000,0x00000000f8c80000,0x00000000fc480000)
 ParOldGen       total 232448K, used 72236K [0x00000000a0000000, 0x00000000ae300000, 0x00000000e0000000)
  object space 232448K, 31% used [0x00000000a0000000,0x00000000a468b088,0x00000000ae300000)
 Metaspace       used 102661K, capacity 106784K, committed 106880K, reserved 1142784K
  class space    used 13064K, capacity 13941K, committed 13952K, reserved 1048576K
}

